<?xml version="1.0" encoding="UTF-8"?>
<testsuite xmlns:xsi="http://www.w3.org/2001/XMLSchema-instance" xsi:noNamespaceSchemaLocation="https://maven.apache.org/surefire/maven-surefire-plugin/xsd/surefire-test-report-3.0.xsd" version="3.0" name="com.mercurows.springboot_reggie.SpringbootReggieApplicationTests" time="4.666" tests="1" errors="0" skipped="0" failures="0">
  <properties>
[...]
</properties>
  <testcase name="contextLoads" classname="com.mercurows.springboot_reggie.SpringbootReggieApplicationTests" time="0.852">
    <system-out><![CDATA[16:48:31.107 [main] INFO org.springframework.test.context.support.AnnotationConfigContextLoaderUtils -- Could not detect default configuration classes for test class [com.mercurows.springboot_reggie.SpringbootReggieApplicationTests]: SpringbootReggieApplicationTests does not declare any static, non-private, non-final, nested classes annotated with @Configuration.
16:48:31.350 [main] INFO org.springframework.boot.test.context.SpringBootTestContextBootstrapper -- Found @SpringBootConfiguration com.mercurows.SpringbootReggieApplication for test class com.mercurows.springboot_reggie.SpringbootReggieApplicationTests

  .   ____          _            __ _ _
 /\\ / ___'_ __ _ _(_)_ __  __ _ \ \ \ \
( ( )\___ | '_ | '_| | '_ \/ _` | \ \ \ \
 \\/  ___)| |_)| | | | | || (_| |  ) ) ) )
  '  |____| .__|_| |_|_| |_\__, | / / / /
 =========|_|==============|___/=/_/_/_/
 :: Spring Boot ::                (v3.1.2)

2023-09-08T16:48:32.279+08:00  INFO 8248 --- [           main] c.m.s.SpringbootReggieApplicationTests   : Starting SpringbootReggieApplicationTests using Java 17.0.6 with PID 8248 (started by Mercurows in e:\VS-Code-C\springboot_reggie)
2023-09-08T16:48:32.280+08:00  INFO 8248 --- [           main] c.m.s.SpringbootReggieApplicationTests   : No active profile set, falling back to 1 default profile: "default"
Logging initialized using 'class org.apache.ibatis.logging.stdout.StdOutImpl' adapter.
Registered plugin: 'com.baomidou.mybatisplus.extension.plugins.MybatisPlusInterceptor@49e4c2d5'
Property 'mapperLocations' was not specified.
 _ _   |_  _ _|_. ___ _ |    _ 
| | |\/|_)(_| | |_\  |_)||_|_\ 
     /               |         
                        3.5.3 
2023-09-08T16:48:34.296+08:00  INFO 8248 --- [           main] com.mercurows.config.WebMvcConfig        : 开始进行静态资源映射...
2023-09-08T16:48:34.673+08:00  WARN 8248 --- [           main] ion$DefaultTemplateResolverConfiguration : Cannot find template location: classpath:/templates/ (please add some templates, check your Thymeleaf configuration, or set spring.thymeleaf.check-template-location=false)
2023-09-08T16:48:34.728+08:00  INFO 8248 --- [           main] c.m.s.SpringbootReggieApplicationTests   : Started SpringbootReggieApplicationTests in 2.898 seconds (process running for 4.485)
]]></system-out>
  </testcase>
</testsuite>